============================= test session starts =============================
platform win32 -- Python 3.12.10, pytest-9.0.2, pluggy-1.6.0 -- C:\Users\phpxi\AppData\Local\Microsoft\WindowsApps\PythonSoftwareFoundation.Python.3.12_qbz5n2kfra8p0\python.exe
cachedir: .pytest_cache
rootdir: d:\work\ai-
plugins: anyio-4.12.1
collecting ... collected 136 items

tests/test_api.py::ApiTests::test_api_server_generates_fixture_preview PASSED [  0%]
tests/test_api.py::ApiTests::test_api_server_orchestrate_returns_scene_capsule_payload PASSED [  1%]
tests/test_api.py::ApiTests::test_api_server_persists_writeback_event PASSED [  2%]
tests/test_api.py::ApiTests::test_api_server_rejects_invalid_mark_tag PASSED [  2%]
tests/test_api.py::ApiTests::test_api_server_serves_built_frontend_health_and_meta PASSED [  3%]
tests/test_api.py::ApiTests::test_api_server_serves_vite_source_shell_when_dist_is_unavailable PASSED [  4%]
tests/test_api.py::ApiTests::test_api_server_writeback_accumulates_memory_graph_state PASSED [  5%]
tests/test_api.py::ApiTests::test_frontend_static_dir_falls_back_to_frontend_root PASSED [  5%]
tests/test_api.py::ApiTests::test_frontend_static_dir_prefers_dist_when_available PASSED [  6%]
tests/test_api.py::ApiServiceTests::test_build_health_payload_reports_file_availability PASSED [  7%]
tests/test_api.py::ApiServiceTests::test_build_meta_payload_uses_base_url PASSED [  8%]
tests/test_api.py::ApiServiceTests::test_build_nearby_payload_adds_generated_urls PASSED [  8%]
tests/test_behavior_compiler.py::test_empty_trace_returns_wanderer PASSED [  9%]
tests/test_behavior_compiler.py::test_single_observe_returns_vector PASSED [ 10%]
tests/test_behavior_compiler.py::test_repeated_observe_unique_targets_raises_explorer PASSED [ 11%]
tests/test_behavior_compiler.py::test_chronicle_lens_co_create_raises_chronicler PASSED [ 11%]
tests/test_behavior_compiler.py::test_mark_in_healing_oasis_raises_restorer PASSED [ 12%]
tests/test_behavior_compiler.py::test_dwell_veil_lens_raises_recluse PASSED [ 13%]
tests/test_behavior_compiler.py::test_dwell_oracle_lens_raises_resonant PASSED [ 13%]
tests/test_behavior_compiler.py::test_mixed_trace_picks_dominant PASSED  [ 14%]
tests/test_behavior_compiler.py::test_action_counts_correct PASSED       [ 15%]
tests/test_behavior_compiler.py::test_dominant_district_is_most_frequent PASSED [ 16%]
tests/test_behavior_compiler.py::test_all_scores_in_range PASSED         [ 16%]
tests/test_bundle.py::BundleTests::test_bundle_runner_writes_static_bundle PASSED [ 17%]
tests/test_cache.py::CacheTests::test_cache_key_is_stable_for_same_input PASSED [ 18%]
tests/test_cache.py::CacheTests::test_cache_path_includes_overpass_directory PASSED [ 19%]
tests/test_cache.py::CacheTests::test_cache_round_trip PASSED            [ 19%]
tests/test_city_persona.py::test_wanderer_default PASSED                 [ 20%]
tests/test_city_persona.py::test_explorer_persona PASSED                 [ 21%]
tests/test_city_persona.py::test_chronicler_persona PASSED               [ 22%]
tests/test_city_persona.py::test_restorer_persona PASSED                 [ 22%]
tests/test_city_persona.py::test_recluse_persona PASSED                  [ 23%]
tests/test_city_persona.py::test_resonant_persona PASSED                 [ 24%]
tests/test_city_persona.py::test_high_resonant_score_raises_trust PASSED [ 25%]
tests/test_city_persona.py::test_high_recluse_lowers_trust PASSED        [ 25%]
tests/test_city_persona.py::test_trust_always_in_range PASSED            [ 26%]
tests/test_city_persona.py::test_high_trust_adds_myth_tag PASSED         [ 27%]
tests/test_city_persona.py::test_low_trust_no_myth_tag PASSED            [ 27%]
tests/test_city_persona.py::test_greeting_nonempty PASSED                [ 28%]
tests/test_city_persona.py::test_merge_trust_is_ema PASSED               [ 29%]
tests/test_city_persona.py::test_merge_updates_dominant PASSED           [ 30%]
tests/test_cli.py::CliTests::test_api_subcommand_delegates_to_api_runner PASSED [ 30%]
tests/test_cli.py::CliTests::test_generate_passes_cache_arguments_for_live_requests PASSED [ 31%]
tests/test_cli.py::CliTests::test_generate_returns_error_when_live_fetch_fails PASSED [ 32%]
tests/test_cli.py::CliTests::test_generate_writes_world_file PASSED      [ 33%]
tests/test_cli.py::CliTests::test_inspect_reads_world_file_and_prints_summary PASSED [ 33%]
tests/test_cli.py::CliTests::test_inspect_returns_error_when_input_is_missing PASSED [ 34%]
tests/test_cli.py::CliTests::test_inspect_returns_schema_error_when_pois_is_not_a_list PASSED [ 35%]
tests/test_cli.py::CliTests::test_inspect_returns_schema_error_when_state_version_is_missing PASSED [ 36%]
tests/test_cli.py::CliTests::test_inspect_returns_schema_error_when_world_id_is_missing PASSED [ 36%]
tests/test_cli.py::CliTests::test_nearby_subcommand_writes_world_and_bundle PASSED [ 37%]
tests/test_cli.py::CliTests::test_page_subcommand_delegates_to_page_runner PASSED [ 38%]
tests/test_demo.py::DemoTests::test_demo_runner_writes_world_and_summary PASSED [ 38%]
tests/test_e4_player_home.py::TestPlayerHome::test_set_home_creates_relation PASSED [ 39%]
tests/test_e4_player_home.py::TestPlayerHome::test_set_home_same_target_increases_comfort PASSED [ 40%]
tests/test_e4_player_home.py::TestPlayerHome::test_set_home_new_target_replaces_old PASSED [ 41%]
tests/test_e4_player_home.py::TestPlayerHome::test_get_home_returns_none_when_not_set PASSED [ 41%]
tests/test_e4_player_home.py::TestPlayerHome::test_get_home_returns_existing_relation PASSED [ 42%]
tests/test_e4_player_home.py::TestGhostTrace::test_record_ghost_trace_stores_trace PASSED [ 43%]
tests/test_e4_player_home.py::TestGhostTrace::test_get_ghost_traces_for_player PASSED [ 44%]
tests/test_e4_player_home.py::TestCityIdentityEvolution::test_home_dweller_persona_has_home_tag PASSED [ 44%]
tests/test_e4_player_home.py::TestCityIdentityEvolution::test_evolve_with_home_boosts_trust PASSED [ 45%]
tests/test_e4_player_home.py::TestCityIdentityEvolution::test_merge_updates_existing_persona PASSED [ 46%]
tests/test_lens_engine.py::test_drift_lens_lonely_night PASSED           [ 47%]
tests/test_lens_engine.py::test_chronicle_lens_historic PASSED           [ 47%]
tests/test_lens_engine.py::test_surge_lens_high_density PASSED           [ 48%]
tests/test_lens_engine.py::test_veil_lens_night_industrial PASSED        [ 49%]
tests/test_lens_engine.py::test_hearth_lens_park PASSED                  [ 50%]
tests/test_lens_engine.py::test_oracle_lens_high_attunement PASSED       [ 50%]
tests/test_lens_engine.py::test_fallback_unknown_district PASSED         [ 51%]
tests/test_lens_engine.py::test_build_vibe_profile_helper PASSED         [ 52%]
tests/test_lens_engine.py::test_lens_output_has_trigger_reason PASSED    [ 52%]
tests/test_lens_engine.py::test_orchestrator_includes_lens_output PASSED [ 53%]
tests/test_memory_graph.py::test_record_observation PASSED               [ 54%]
tests/test_memory_graph.py::test_multiple_observations PASSED            [ 55%]
tests/test_memory_graph.py::test_record_dwell PASSED                     [ 55%]
tests/test_memory_graph.py::test_record_mark PASSED                      [ 56%]
tests/test_memory_graph.py::test_relationship_strength PASSED            [ 57%]
tests/test_memory_graph.py::test_zone_familiarity PASSED                 [ 58%]
tests/test_memory_graph.py::test_route_tracking PASSED                   [ 58%]
tests/test_memory_graph.py::test_echo_recording PASSED                   [ 59%]
tests/test_memory_graph.py::test_faction_reputation PASSED               [ 60%]
tests/test_nearby.py::NearbyTests::test_nearby_runner_passes_cache_arguments_for_live_requests PASSED [ 61%]
tests/test_nearby.py::NearbyTests::test_nearby_runner_writes_world_and_bundle_preview PASSED [ 61%]
tests/test_orchestrator.py::test_observer_effect_calculation PASSED      [ 62%]
tests/test_orchestrator.py::test_high_density_triggers_events PASSED     [ 63%]
tests/test_orchestrator.py::test_district_type_affects_broadcasts PASSED [ 63%]
tests/test_orchestrator.py::test_night_edge_rift_anomaly PASSED          [ 64%]
tests/test_orchestrator.py::test_lens_output_present PASSED              [ 65%]
tests/test_orchestrator.py::test_high_attunement_triggers_oracle_lens PASSED [ 66%]
tests/test_orchestrator.py::test_surge_lens_high_observer_count PASSED   [ 66%]
tests/test_orchestrator.py::test_scene_capsule_generated_from_behavior_and_revisit_signals PASSED [ 67%]
tests/test_orchestrator.py::test_scene_capsule_can_generate_without_persona_when_events_exist PASSED [ 68%]
tests/test_orchestrator.py::test_scene_capsule_suppressed_when_no_signals PASSED [ 69%]
tests/test_orchestrator.py::test_ai_orchestrator_parses_structured_llm_output PASSED [ 69%]
tests/test_orchestrator.py::test_ai_orchestrator_falls_back_on_invalid_json_response PASSED [ 70%]
tests/test_overpass.py::OverpassTests::test_fetch_raises_clear_error_when_retries_are_exhausted PASSED [ 71%]
tests/test_overpass.py::OverpassTests::test_fetch_retries_after_transient_network_error PASSED [ 72%]
tests/test_overpass.py::OverpassTests::test_fetch_uses_cached_payload_without_network_call PASSED [ 72%]
tests/test_overpass.py::OverpassTests::test_fetch_writes_payload_to_cache_after_live_success PASSED [ 73%]
tests/test_page.py::PageTests::test_page_server_generates_preview_bundle_from_fixture_mode PASSED [ 74%]
tests/test_page.py::PageTests::test_page_server_serves_root_page_and_health PASSED [ 75%]
tests/test_protocol_guard.py::test_orchestrator_output_structure PASSED  [ 75%]
tests/test_protocol_guard.py::test_observer_effect_structure PASSED      [ 76%]
tests/test_protocol_guard.py::test_event_suggestion_structure PASSED     [ 77%]
tests/test_scene_capsule.py::test_no_signal_no_trigger PASSED            [ 77%]
tests/test_scene_capsule.py::test_dwell_triggers PASSED                  [ 78%]
tests/test_scene_capsule.py::test_revisit_triggers PASSED                [ 79%]
tests/test_scene_capsule.py::test_writeback_triggers PASSED              [ 80%]
tests/test_scene_capsule.py::test_high_trust_triggers PASSED             [ 80%]
tests/test_scene_capsule.py::test_drift_first_visit_no_trigger PASSED    [ 81%]
tests/test_scene_capsule.py::test_mystery_bias_gives_vision PASSED       [ 82%]
tests/test_scene_capsule.py::test_story_bias_gives_echo PASSED           [ 83%]
tests/test_scene_capsule.py::test_repair_bias_gives_ritual PASSED        [ 83%]
tests/test_scene_capsule.py::test_solitude_bias_gives_whisper PASSED     [ 84%]
tests/test_scene_capsule.py::test_resonance_bias_gives_rift PASSED       [ 85%]
tests/test_scene_capsule.py::test_lens_asset_hint_propagated PASSED      [ 86%]
tests/test_scene_capsule.py::test_no_lens_empty_asset_hint PASSED        [ 86%]
tests/test_scene_capsule.py::test_output_fields_complete PASSED          [ 87%]
tests/test_scene_capsule.py::test_no_trigger_returns_null_capsule PASSED [ 88%]
tests/test_scene_capsule.py::test_output_contains_protocol_fields PASSED [ 88%]
tests/test_scene_capsule.py::test_safety_flags_force_deterministic_fallback PASSED [ 89%]
tests/test_scene_capsule.py::test_persona_address_can_be_redacted PASSED [ 90%]
tests/test_scene_capsule.py::test_mutual_exclusion_suppresses_conflicting_capsule PASSED [ 91%]
tests/test_scene_capsule.py::test_ambient_capsule_uses_extended_cooldown PASSED [ 91%]
tests/test_showcase.py::ShowcaseTests::test_co_creation_participation_modes_have_lens_hint PASSED [ 92%]
tests/test_showcase.py::ShowcaseTests::test_showcase_runner_writes_json_and_markdown PASSED [ 93%]
tests/test_world_builder.py::WorldBuilderTests::test_build_world_keeps_non_china_english_names_without_translation PASSED [ 94%]
tests/test_world_builder.py::WorldBuilderTests::test_build_world_prefers_chinese_names_when_available PASSED [ 94%]
tests/test_world_builder.py::WorldBuilderTests::test_build_world_produces_schema_skeleton PASSED [ 95%]
tests/test_world_builder.py::WorldBuilderTests::test_build_world_replaces_japanese_named_pois_with_generic_chinese_name_in_china PASSED [ 96%]
tests/test_world_builder.py::WorldBuilderTests::test_build_world_translates_plain_english_names_in_china_to_simplified_chinese PASSED [ 97%]
tests/test_world_builder.py::WorldBuilderTests::test_build_world_uses_generic_chinese_name_when_no_translatable_name_exists PASSED [ 97%]
tests/test_world_builder.py::WorldBuilderTests::test_new_fantasy_types_are_generated PASSED [ 98%]
tests/test_world_builder.py::WorldBuilderTests::test_new_types_have_required_fields PASSED [ 99%]
tests/test_world_builder.py::WorldBuilderTests::test_world_id_is_stable_for_same_input PASSED [100%]

============================= 136 passed in 1.86s =============================
